[debug] [2017-07-28T12:43:06.860Z] ----------------------------------------------------------------------
[debug] [2017-07-28T12:43:06.864Z] Command:      /usr/local/bin/node /usr/local/bin/firebase deploy
[debug] [2017-07-28T12:43:06.864Z] CLI Version:  3.9.1
[debug] [2017-07-28T12:43:06.864Z] Platform:     darwin
[debug] [2017-07-28T12:43:06.864Z] Node Version: v8.0.0
[debug] [2017-07-28T12:43:06.868Z] Time:         Fri Jul 28 2017 20:43:06 GMT+0800 (SGT)
[debug] [2017-07-28T12:43:06.868Z] ----------------------------------------------------------------------
[debug] 
[debug] [2017-07-28T12:43:06.887Z] > command requires scopes: ["email","openid","https://www.googleapis.com/auth/cloudplatformprojects.readonly","https://www.googleapis.com/auth/firebase","https://www.googleapis.com/auth/cloud-platform"]
[debug] [2017-07-28T12:43:06.887Z] > authorizing via signed-in user
[debug] [2017-07-28T12:43:06.890Z] > refreshing access token with scopes: ["email","https://www.googleapis.com/auth/cloud-platform","https://www.googleapis.com/auth/cloudplatformprojects.readonly","https://www.googleapis.com/auth/firebase","openid"]
[debug] [2017-07-28T12:43:06.890Z] >>> HTTP REQUEST POST https://www.googleapis.com/oauth2/v3/token { refresh_token: '1/cVflkH36BCHp42xBiUAYaJgN83-u3JZXDuvRGfWkcgY',
  client_id: '563584335869-fgrhgmd47bqnekij5i8b5pr03ho849e6.apps.googleusercontent.com',
  client_secret: 'j9iVZfS8kkCEFUPaAeJV0sAi',
  grant_type: 'refresh_token',
  scope: 'email https://www.googleapis.com/auth/cloud-platform https://www.googleapis.com/auth/cloudplatformprojects.readonly https://www.googleapis.com/auth/firebase openid' } 
 Fri Jul 28 2017 20:43:06 GMT+0800 (SGT)
[debug] [2017-07-28T12:43:08.066Z] <<< HTTP RESPONSE 200
[debug] [2017-07-28T12:43:08.094Z] >>> HTTP REQUEST GET https://admin.firebase.com/v1/projects/expressive-86f54  
 Fri Jul 28 2017 20:43:08 GMT+0800 (SGT)
[debug] [2017-07-28T12:43:09.256Z] <<< HTTP RESPONSE 200
[debug] [2017-07-28T12:43:09.257Z] >>> HTTP REQUEST GET https://admin.firebase.com/v1/database/expressive-86f54/tokens  
 Fri Jul 28 2017 20:43:09 GMT+0800 (SGT)
[debug] [2017-07-28T12:43:10.126Z] <<< HTTP RESPONSE 200
[info] 
[info] === Deploying to 'expressive-86f54'...
[info] 
[info] i  deploying hosting
[info] i  hosting: preparing build directory for upload...
[debug] [2017-07-28T12:43:14.867Z] >>> HTTP REQUEST PUT https://deploy.firebase.com/v1/hosting/expressive-86f54/uploads/-Kq8DDAgW2rbX3ajvls7?fileCount=16&message=  
 Fri Jul 28 2017 20:43:14 GMT+0800 (SGT)
